09.06.2023 14:34:00: <infiSTAR.de> _fnc_RandomGen: {
_fnc_actualGen = {
_abc = ['z','y','x','w','v','u','t','s','r','q','p','o','n','m','l','k','j','i','h','g','f','e','d','c','b','a'];
_gen = _abc select (random ((count _abc)-1));
_arr = ['a','7','d','6','e','1','e','6','3','c','5','5','b','1','6','9','d','1','7','0','5','b','2','8','a','d','3','b','d','2','e'];
_randmax = {((round(random _randminval)) + (round(random _randmaxval))) max _randminval};
for '_i' from 0 to (call _randmax)do
{
_gen = _gen + str(round(random 9)) + (_arr select (random ((count _arr)-1)));
};
};
_gen = '';
while{_gen=='' || _gen in _allRandomGenVars}do{
call _fnc_actualGen;
};
_allRandomGenVars pushBack _gen;
_gen
}
09.06.2023 14:34:00: ----START-LINE----   (24-02-2023 22-51-56 - v0260)
09.06.2023 14:34:00: _adminbox: l512e400682131d538c3e8e
09.06.2023 14:34:00: _fnc_mpPackets: h0e5d554225054d714b75858b5158310b
09.06.2023 14:34:00: _FNC_AH_KICKLOG: k237e3d659b5d414d8e3d4e1d85
09.06.2023 14:34:00: _FNC_AH_KICKLOGSPAWN: k596d832d6b8278707672187e85527b5d060a3e62433e
09.06.2023 14:34:00: _FNC_PVAH_AdminReq: p25800e422e374a052d61
09.06.2023 14:34:00: _token_by_uid: g794b716b533d9d3d08664b832d22717549
09.06.2023 14:34:00: _uid_by_token: j15164635253d8b8d3a3b
09.06.2023 14:34:00: _server_setTokenR: n1578671b21650376461e1d458b7a165a3147609e21307d128d
09.06.2023 14:34:00: _YourPlayerToken: b2d57474d71116b822d36300d361b5a52
09.06.2023 14:34:00: _TokenCT: l72364e2d298b223e201348184b5c2d71934a4065585c
09.06.2023 14:34:00: _AH_MAIN_BLOCK: o9747450b46711e5e85683b014c5d958c75033d8d1b
09.06.2023 14:34:00: _AHKickOFF: m21918e2e356699712160
09.06.2023 14:34:00: _AHKickLog: q0a8b47704a70715245523d2a38521b8610
09.06.2023 14:34:00: _clientdo: m807357351d8e7135671d9d352d254e7d45553b45
09.06.2023 14:34:00: _AH_RunCheckENDVAR: c637156370d961a855546
09.06.2023 14:34:00: _AH_RunCheckENDVAR_THREAD: s073a2981615d751e4d868d1d487283811b77
09.06.2023 14:34:00: _AH_HackLogArrayRND: f6c806b4b4a9e55521b85753528757b
09.06.2023 14:34:00: _AH_SurvLogArrayRND: d89738262224e1e836d911d5b6d7211624d454d39417191551d6b6b4d
09.06.2023 14:34:00: _AH_AdmiLogArrayRND: z41103b369b5d31276c0d8d50722b36268129379d5a9e98302d516d41
09.06.2023 14:34:00: _TMPBAN: m3d4d8b4e5c6e1a593b871d0e6d
09.06.2023 14:34:00: _massMessage: j653d773b3b8a0b7779157783861d7630854b3d16016a7a
09.06.2023 14:34:00: _massSysMessage: b0e3b1c915e516b111551
09.06.2023 14:34:00: _AHpos: c7177869b1d8c56991862
09.06.2023 14:34:00: _ninetwo: x316b02015502278d3b30
09.06.2023 14:34:00: _ninetwothread: e1e3e7d6b8e35877e35066705562d9b627a2b81617b1d366633703175
09.06.2023 14:34:00: _adminsA: k2d7697276365112b3b49158937618d4e71614b
09.06.2023 14:34:00: _MC: d7017756e634b364231413a
09.06.2023 14:34:00: <infiSTAR.de> _fnc_RandomGen: {
_fnc_actualGen = {
_abc = ['z','y','x','w','v','u','t','s','r','q','p','o','n','m','l','k','j','i','h','g','f','e','d','c','b','a'];
_gen = _abc select (random ((count _abc)-1));
_arr = ['a','7','d','6','e','1','e','6','3','c','5','5','b','1','6','9','d','1','7','0','5','b','2','8','a','d','3','b','d','2','e'];
_randmax = {((round(random _randminval)) + (round(random _randmaxval))) max _randminval};
for '_i' from 0 to (call _randmax)do
{
_gen = _gen + str(round(random 9)) + (_arr select (random ((count _arr)-1)));
};
};
_gen = '';
while{_gen=='' || _gen in _allRandomGenVars}do{
call _fnc_actualGen;
};
_allRandomGenVars pushBack _gen;
_gen
}
09.06.2023 14:34:00: ----START-LINE----   (24-02-2023 22-51-56 - v0260)
09.06.2023 14:34:00: _adminbox: l512e400682131d538c3e8e
09.06.2023 14:34:00: _fnc_mpPackets: h0e5d554225054d714b75858b5158310b
09.06.2023 14:34:00: _FNC_AH_KICKLOG: k237e3d659b5d414d8e3d4e1d85
09.06.2023 14:34:00: _FNC_AH_KICKLOGSPAWN: k596d832d6b8278707672187e85527b5d060a3e62433e
09.06.2023 14:34:00: _FNC_PVAH_AdminReq: p25800e422e374a052d61
09.06.2023 14:34:00: _token_by_uid: g794b716b533d9d3d08664b832d22717549
09.06.2023 14:34:00: _uid_by_token: j15164635253d8b8d3a3b
09.06.2023 14:34:00: _server_setTokenR: n1578671b21650376461e1d458b7a165a3147609e21307d128d
09.06.2023 14:34:00: _YourPlayerToken: b2d57474d71116b822d36300d361b5a52
09.06.2023 14:34:00: _TokenCT: l72364e2d298b223e201348184b5c2d71934a4065585c
09.06.2023 14:34:00: _AH_MAIN_BLOCK: o9747450b46711e5e85683b014c5d958c75033d8d1b
09.06.2023 14:34:00: _AHKickOFF: m21918e2e356699712160
09.06.2023 14:34:00: _AHKickLog: q0a8b47704a70715245523d2a38521b8610
09.06.2023 14:34:00: _clientdo: m807357351d8e7135671d9d352d254e7d45553b45
09.06.2023 14:34:00: _AH_RunCheckENDVAR: c637156370d961a855546
09.06.2023 14:34:00: _AH_RunCheckENDVAR_THREAD: s073a2981615d751e4d868d1d487283811b77
09.06.2023 14:34:00: _AH_HackLogArrayRND: f6c806b4b4a9e55521b85753528757b
09.06.2023 14:34:00: _AH_SurvLogArrayRND: d89738262224e1e836d911d5b6d7211624d454d39417191551d6b6b4d
09.06.2023 14:34:00: _AH_AdmiLogArrayRND: z41103b369b5d31276c0d8d50722b36268129379d5a9e98302d516d41
09.06.2023 14:34:00: _TMPBAN: m3d4d8b4e5c6e1a593b871d0e6d
09.06.2023 14:34:01: _massMessage: j653d773b3b8a0b7779157783861d7630854b3d16016a7a
09.06.2023 14:34:01: _massSysMessage: b0e3b1c915e516b111551
09.06.2023 14:34:01: _AHpos: c7177869b1d8c56991862
09.06.2023 14:34:01: _ninetwo: x316b02015502278d3b30
09.06.2023 14:34:01: _ninetwothread: e1e3e7d6b8e35877e35066705562d9b627a2b81617b1d366633703175
09.06.2023 14:34:01: _adminsA: k2d7697276365112b3b49158937618d4e71614b
09.06.2023 14:34:01: _MC: d7017756e634b364231413a
09.06.2023 14:34:01: _MCS: w6226863335728d73422d560d
09.06.2023 14:34:01: _checkidicheckcheck: z77761a16797e235d37794b3e1d8e61
09.06.2023 14:34:01: _lastshotmade: x55418e5d767b550e9e97
09.06.2023 14:34:01: _dellocveh: r0a6b68118d0e75804730
09.06.2023 14:34:01: _inCombatTime: d068a8e373e0901613b0c
09.06.2023 14:34:01: _inCombatArray: m8a368d1a665d2502675a5c7d769e476c7169
09.06.2023 14:34:01: _fnc_infiKeyHandler: k9b4507597b8c612d2c403e1b97358e8236212e0e7e460b4041258a
09.06.2023 14:34:01: _vehicle_needs_check: h112c651537425c8511112e
09.06.2023 14:34:01: _MAKE_VAR_DUMP_RANDOM: g4d5d7d2b5273383b7112
09.06.2023 14:34:01: _MAKE_VAR_DUMP_CLIENT: m4135528195062045618b
09.06.2023 14:34:01: _DUMPINGPLAYERUIDARRAY: u8b1b5b5165557b95504a65616d368d114a2b
09.06.2023 14:34:01: _CURRENTLYDUMPING: b312946867616211a826166417b013e6262276609
09.06.2023 14:34:01: _antiantihack_rndvar: q3270665695222b662e76778e3d7d9c2a1787
09.06.2023 14:34:01: _name_by_uid: k152a90236b502233959d6c332e45784687806c5c
09.06.2023 14:34:01: _owner_by_uid: l35136a559a8d172b669d5c0b5d36598d433536913c6c5586
09.06.2023 14:34:01: _customcommandingMenu: j7b000e5d3548308d8d1e8a43365e17751306953925
09.06.2023 14:34:01: _customcommandingMenuOpen: n4a32534d562a464d4b76
09.06.2023 14:34:01: _AH_KICKLOG: PVAHR_2n2q1n6g5y5k3c6y
09.06.2023 14:34:01: ----END-LINE----   (24-02-2023 22-51-56 - v0260)
