08.06.2023 17:21:18: <infiSTAR.de> _fnc_RandomGen: {
_fnc_actualGen = {
_abc = ['z','y','x','w','v','u','t','s','r','q','p','o','n','m','l','k','j','i','h','g','f','e','d','c','b','a'];
_gen = _abc select (random ((count _abc)-1));
_arr = ['a','7','d','6','e','1','e','6','3','c','5','5','b','1','6','9','d','1','7','0','5','b','2','8','a','d','3','b','d','2','e'];
_randmax = {((round(random _randminval)) + (round(random _randmaxval))) max _randminval};
for '_i' from 0 to (call _randmax)do
{
_gen = _gen + str(round(random 9)) + (_arr select (random ((count _arr)-1)));
};
};
_gen = '';
while{_gen=='' || _gen in _allRandomGenVars}do{
call _fnc_actualGen;
};
_allRandomGenVars pushBack _gen;
_gen
}
08.06.2023 17:21:18: ----START-LINE----   (24-02-2023 22-51-56 - v0260)
08.06.2023 17:21:18: _adminbox: b3a31418e4d2e464d767635115d41276251272d9d
08.06.2023 17:21:18: _fnc_mpPackets: k4b12281923267a81432b6965162d6e3a913d7c5d3555663b37
08.06.2023 17:21:18: _FNC_AH_KICKLOG: v777e7e8d8385282e5e7e691e1d4d3b852d
08.06.2023 17:21:18: _FNC_AH_KICKLOGSPAWN: u259e466d366b123d608c
08.06.2023 17:21:18: _FNC_PVAH_AdminReq: o406a4b353d767711022b
08.06.2023 17:21:18: _token_by_uid: q1766804612961311301117716a67317b7d1237453d77
08.06.2023 17:21:18: _uid_by_token: r432e555a4e0b513b2175
08.06.2023 17:21:18: _server_setTokenR: c6e05119a118b265357075e2e6d3d
08.06.2023 17:21:18: _YourPlayerToken: s3a631b3a78069b4d3b2e7c7646436d7c9e689d81551b29
08.06.2023 17:21:18: _TokenCT: v26461181594b4e775b9b
08.06.2023 17:21:18: _AH_MAIN_BLOCK: d603d7038362645269e864645765d8d596a
08.06.2023 17:21:18: _AHKickOFF: s0e818c95634d8d702b0b17020d526c61
08.06.2023 17:21:18: _AHKickLog: p478d5275672a4b0b92718625
08.06.2023 17:21:18: _clientdo: b2e60363e25356b465a6d034015254a
08.06.2023 17:21:18: _AH_RunCheckENDVAR: w95031d8e3e5793608d3d
08.06.2023 17:21:18: _AH_RunCheckENDVAR_THREAD: j731d493676521b67224e
08.06.2023 17:21:18: _AH_HackLogArrayRND: g0a671d514131477017190321
08.06.2023 17:21:18: _AH_SurvLogArrayRND: l95271e2c07758d15521d764265
08.06.2023 17:21:18: _AH_AdmiLogArrayRND: s655e6158875d972196854d6531
08.06.2023 17:21:18: _TMPBAN: b81121d67326b60662c259185
08.06.2023 17:21:18: _massMessage: s794e034907369d5b7a22658e
08.06.2023 17:21:18: _massSysMessage: i55429026466a421b6d4311593e16714167
08.06.2023 17:21:18: _AHpos: v62889613656d606e32021b274d275a35431e125b328d
08.06.2023 17:21:18: _ninetwo: i8a6d193a153110557615853d468b4b1e0d1278
08.06.2023 17:21:18: _ninetwothread: l7d82855163366d218269
08.06.2023 17:21:18: _adminsA: j15862168519b6682350c
08.06.2023 17:21:18: _MC: w4a42866b6d73636b85561d716155908a3b2035
08.06.2023 17:21:18: _MCS: y27915e35728a4197590d853d539d162d8d9d
08.06.2023 17:21:18: _checkidicheckcheck: f8725561d672a6e326551
08.06.2023 17:21:18: _lastshotmade: u08475151751640160d6e9d82726142
08.06.2023 17:21:19: _dellocveh: l089d6046437e5b321b726966697d52862e386e2c
08.06.2023 17:21:19: _inCombatTime: z25618e8d46484c5e4a11
08.06.2023 17:21:19: _inCombatArray: k4b9d756e4c61418b35692e2e159c49619715
08.06.2023 17:21:19: <infiSTAR.de> _fnc_RandomGen: {
_fnc_actualGen = {
_abc = ['z','y','x','w','v','u','t','s','r','q','p','o','n','m','l','k','j','i','h','g','f','e','d','c','b','a'];
_gen = _abc select (random ((count _abc)-1));
_arr = ['a','7','d','6','e','1','e','6','3','c','5','5','b','1','6','9','d','1','7','0','5','b','2','8','a','d','3','b','d','2','e'];
_randmax = {((round(random _randminval)) + (round(random _randmaxval))) max _randminval};
for '_i' from 0 to (call _randmax)do
{
_gen = _gen + str(round(random 9)) + (_arr select (random ((count _arr)-1)));
};
};
_gen = '';
while{_gen=='' || _gen in _allRandomGenVars}do{
call _fnc_actualGen;
};
_allRandomGenVars pushBack _gen;
_gen
}
08.06.2023 17:21:19: ----START-LINE----   (24-02-2023 22-51-56 - v0260)
08.06.2023 17:21:19: _adminbox: b3a31418e4d2e464d767635115d41276251272d9d
08.06.2023 17:21:19: _fnc_mpPackets: k4b12281923267a81432b6965162d6e3a913d7c5d3555663b37
08.06.2023 17:21:19: _FNC_AH_KICKLOG: v777e7e8d8385282e5e7e691e1d4d3b852d
08.06.2023 17:21:19: _FNC_AH_KICKLOGSPAWN: u259e466d366b123d608c
08.06.2023 17:21:19: _FNC_PVAH_AdminReq: o406a4b353d767711022b
08.06.2023 17:21:19: _token_by_uid: q1766804612961311301117716a67317b7d1237453d77
08.06.2023 17:21:19: _uid_by_token: r432e555a4e0b513b2175
08.06.2023 17:21:19: _server_setTokenR: c6e05119a118b265357075e2e6d3d
08.06.2023 17:21:19: _YourPlayerToken: s3a631b3a78069b4d3b2e7c7646436d7c9e689d81551b29
08.06.2023 17:21:19: _TokenCT: v26461181594b4e775b9b
08.06.2023 17:21:19: _AH_MAIN_BLOCK: d603d7038362645269e864645765d8d596a
08.06.2023 17:21:19: _AHKickOFF: s0e818c95634d8d702b0b17020d526c61
08.06.2023 17:21:19: _AHKickLog: p478d5275672a4b0b92718625
08.06.2023 17:21:19: _clientdo: b2e60363e25356b465a6d034015254a
08.06.2023 17:21:19: _AH_RunCheckENDVAR: w95031d8e3e5793608d3d
08.06.2023 17:21:19: _AH_RunCheckENDVAR_THREAD: j731d493676521b67224e
08.06.2023 17:21:19: _AH_HackLogArrayRND: g0a671d514131477017190321
08.06.2023 17:21:19: _AH_SurvLogArrayRND: l95271e2c07758d15521d764265
08.06.2023 17:21:19: _AH_AdmiLogArrayRND: s655e6158875d972196854d6531
08.06.2023 17:21:19: _TMPBAN: b81121d67326b60662c259185
08.06.2023 17:21:19: _massMessage: s794e034907369d5b7a22658e
08.06.2023 17:21:19: _massSysMessage: i55429026466a421b6d4311593e16714167
08.06.2023 17:21:19: _AHpos: v62889613656d606e32021b274d275a35431e125b328d
08.06.2023 17:21:19: _ninetwo: i8a6d193a153110557615853d468b4b1e0d1278
08.06.2023 17:21:19: _ninetwothread: l7d82855163366d218269
08.06.2023 17:21:19: _adminsA: j15862168519b6682350c
08.06.2023 17:21:19: _MC: w4a42866b6d73636b85561d716155908a3b2035
08.06.2023 17:21:19: _MCS: y27915e35728a4197590d853d539d162d8d9d
08.06.2023 17:21:19: _checkidicheckcheck: f8725561d672a6e326551
08.06.2023 17:21:19: _lastshotmade: u08475151751640160d6e9d82726142
08.06.2023 17:21:19: _dellocveh: l089d6046437e5b321b726966697d52862e386e2c
08.06.2023 17:21:19: _inCombatTime: z25618e8d46484c5e4a11
08.06.2023 17:21:19: _inCombatArray: k4b9d756e4c61418b35692e2e159c49619715
08.06.2023 17:21:19: _fnc_infiKeyHandler: l53516b9d331a3d517d7d
08.06.2023 17:21:19: _vehicle_needs_check: e410a5e1e95402e67450972886e4159
08.06.2023 17:21:19: _MAKE_VAR_DUMP_RANDOM: m124d152b452b2d98155a62
08.06.2023 17:21:19: _MAKE_VAR_DUMP_CLIENT: j758623686732124610939d6d
08.06.2023 17:21:19: _DUMPINGPLAYERUIDARRAY: d27029e825e5c8b41755e5b360032636d415a1a
08.06.2023 17:21:19: _CURRENTLYDUMPING: e615185625a5d2c1d702b274d484b8126106d211d3c
08.06.2023 17:21:19: _antiantihack_rndvar: w6b967d8d85728b1e3d70
08.06.2023 17:21:19: _name_by_uid: k7d1d8e30464503750c805603079b613d8e2b
08.06.2023 17:21:19: _owner_by_uid: n164372532d075d6d7d4b488a1056
08.06.2023 17:21:19: _customcommandingMenu: o305702079a49271e1243308a527575867b2b612b
08.06.2023 17:21:19: _customcommandingMenuOpen: s568e4649216d3d77058d
08.06.2023 17:21:19: _AH_KICKLOG: PVAHR_4i1n7h7o6j
08.06.2023 17:21:19: ----END-LINE----   (24-02-2023 22-51-56 - v0260)
08.06.2023 17:24:39: <infiSTAR.de> _fnc_RandomGen: {
_fnc_actualGen = {
_abc = ['z','y','x','w','v','u','t','s','r','q','p','o','n','m','l','k','j','i','h','g','f','e','d','c','b','a'];
_gen = _abc select (random ((count _abc)-1));
_arr = ['a','7','d','6','e','1','e','6','3','c','5','5','b','1','6','9','d','1','7','0','5','b','2','8','a','d','3','b','d','2','e'];
_randmax = {((round(random _randminval)) + (round(random _randmaxval))) max _randminval};
for '_i' from 0 to (call _randmax)do
{
_gen = _gen + str(round(random 9)) + (_arr select (random ((count _arr)-1)));
};
};
_gen = '';
while{_gen=='' || _gen in _allRandomGenVars}do{
call _fnc_actualGen;
};
_allRandomGenVars pushBack _gen;
_gen
}
08.06.2023 17:24:39: ----START-LINE----   (24-02-2023 22-51-56 - v0260)
08.06.2023 17:24:39: _adminbox: l836116837b1b6547836b
08.06.2023 17:24:39: _fnc_mpPackets: j5787188d2351213b53202166703a6e8717251d51
08.06.2023 17:24:39: _FNC_AH_KICKLOG: g2d5d76123165487067778d7151563b4e711b556691
08.06.2023 17:24:39: _FNC_AH_KICKLOGSPAWN: k368581785e579d59574b6b75574135
08.06.2023 17:24:39: _FNC_PVAH_AdminReq: e412b2d25261b62471c7b4a852707371c27157385
08.06.2023 17:24:39: _token_by_uid: t052197220e67206b258d
08.06.2023 17:24:39: _uid_by_token: q0e086d9a693276455776273b510d31355b93636b6a
08.06.2023 17:24:39: _server_setTokenR: a81624e6d953856697d45
08.06.2023 17:24:39: _YourPlayerToken: s413215574e097d821b5b717272866b9e1b5e27433d3b
08.06.2023 17:24:39: _TokenCT: n3e15614d851b232b1155
08.06.2023 17:24:39: _AH_MAIN_BLOCK: j3b7203563e7b465b3d2a45865276
08.06.2023 17:24:39: _AHKickOFF: m73955c866d3d613b3d712e4346564543755d87616747222e4b5a
08.06.2023 17:24:39: _AHKickLog: t262d6b7b396e29632e836b682b26
08.06.2023 17:24:39: _clientdo: u5e662c55590547713999723075
08.06.2023 17:24:39: _AH_RunCheckENDVAR: p1e5621774b11627d1925617321576637
08.06.2023 17:24:39: _AH_RunCheckENDVAR_THREAD: y8d5787426b51461a25457357466e1d
08.06.2023 17:24:39: _AH_HackLogArrayRND: b714016526b9e073e733d0b066d7c72312e093545
08.06.2023 17:24:39: _AH_SurvLogArrayRND: d8e7b11923e9626866c60
08.06.2023 17:24:39: _AH_AdmiLogArrayRND: n1b207d36020b9d3d8516877e9e1169
08.06.2023 17:24:39: _TMPBAN: u7b8d32331063768b1c225a461791727d526e25109b5663275b
08.06.2023 17:24:39: _massMessage: c116e1e41299a1b8337864d523d4785615e86656d
08.06.2023 17:24:39: _massSysMessage: y2d5e62320d808d568c3b6e917b
08.06.2023 17:24:40: _AHpos: k586b8918871e6b5543856d95156605125e87
08.06.2023 17:24:40: _ninetwo: d7d9d7323058218873b6d511d2e571b452d9685984b11130c86
08.06.2023 17:24:40: _ninetwothread: h4d431183674e1b0096055d1d26059a080b
08.06.2023 17:24:40: _adminsA: c427a7778685d7d4e1d772b62627621793025
08.06.2023 17:24:40: _MC: x32759d470a012d663b161a6023
08.06.2023 17:24:40: _MCS: d9d5145824e1d8a66600575210a9c2d7b6e236d
08.06.2023 17:24:40: _checkidicheckcheck: t16656551636a789703909139838a5d3690
08.06.2023 17:24:40: _lastshotmade: n53724e61757276232b43
08.06.2023 17:24:40: <infiSTAR.de> _fnc_RandomGen: {
_fnc_actualGen = {
_abc = ['z','y','x','w','v','u','t','s','r','q','p','o','n','m','l','k','j','i','h','g','f','e','d','c','b','a'];
_gen = _abc select (random ((count _abc)-1));
_arr = ['a','7','d','6','e','1','e','6','3','c','5','5','b','1','6','9','d','1','7','0','5','b','2','8','a','d','3','b','d','2','e'];
_randmax = {((round(random _randminval)) + (round(random _randmaxval))) max _randminval};
for '_i' from 0 to (call _randmax)do
{
_gen = _gen + str(round(random 9)) + (_arr select (random ((count _arr)-1)));
};
};
_gen = '';
while{_gen=='' || _gen in _allRandomGenVars}do{
call _fnc_actualGen;
};
_allRandomGenVars pushBack _gen;
_gen
}
08.06.2023 17:24:40: ----START-LINE----   (24-02-2023 22-51-56 - v0260)
08.06.2023 17:24:40: _adminbox: l836116837b1b6547836b
08.06.2023 17:24:40: _fnc_mpPackets: j5787188d2351213b53202166703a6e8717251d51
08.06.2023 17:24:40: _FNC_AH_KICKLOG: g2d5d76123165487067778d7151563b4e711b556691
08.06.2023 17:24:40: _FNC_AH_KICKLOGSPAWN: k368581785e579d59574b6b75574135
08.06.2023 17:24:40: _FNC_PVAH_AdminReq: e412b2d25261b62471c7b4a852707371c27157385
08.06.2023 17:24:40: _token_by_uid: t052197220e67206b258d
08.06.2023 17:24:40: _uid_by_token: q0e086d9a693276455776273b510d31355b93636b6a
08.06.2023 17:24:40: _server_setTokenR: a81624e6d953856697d45
08.06.2023 17:24:40: _YourPlayerToken: s413215574e097d821b5b717272866b9e1b5e27433d3b
08.06.2023 17:24:40: _TokenCT: n3e15614d851b232b1155
08.06.2023 17:24:40: _AH_MAIN_BLOCK: j3b7203563e7b465b3d2a45865276
08.06.2023 17:24:40: _AHKickOFF: m73955c866d3d613b3d712e4346564543755d87616747222e4b5a
08.06.2023 17:24:40: _AHKickLog: t262d6b7b396e29632e836b682b26
08.06.2023 17:24:40: _clientdo: u5e662c55590547713999723075
08.06.2023 17:24:40: _AH_RunCheckENDVAR: p1e5621774b11627d1925617321576637
08.06.2023 17:24:40: _AH_RunCheckENDVAR_THREAD: y8d5787426b51461a25457357466e1d
08.06.2023 17:24:40: _AH_HackLogArrayRND: b714016526b9e073e733d0b066d7c72312e093545
08.06.2023 17:24:40: _AH_SurvLogArrayRND: d8e7b11923e9626866c60
08.06.2023 17:24:40: _AH_AdmiLogArrayRND: n1b207d36020b9d3d8516877e9e1169
08.06.2023 17:24:40: _TMPBAN: u7b8d32331063768b1c225a461791727d526e25109b5663275b
08.06.2023 17:24:40: _massMessage: c116e1e41299a1b8337864d523d4785615e86656d
08.06.2023 17:24:40: _massSysMessage: y2d5e62320d808d568c3b6e917b
08.06.2023 17:24:40: _AHpos: k586b8918871e6b5543856d95156605125e87
08.06.2023 17:24:40: _ninetwo: d7d9d7323058218873b6d511d2e571b452d9685984b11130c86
08.06.2023 17:24:40: _ninetwothread: h4d431183674e1b0096055d1d26059a080b
08.06.2023 17:24:40: _adminsA: c427a7778685d7d4e1d772b62627621793025
08.06.2023 17:24:40: _MC: x32759d470a012d663b161a6023
08.06.2023 17:24:40: _MCS: d9d5145824e1d8a66600575210a9c2d7b6e236d
08.06.2023 17:24:40: _checkidicheckcheck: t16656551636a789703909139838a5d3690
08.06.2023 17:24:40: _lastshotmade: n53724e61757276232b43
08.06.2023 17:24:40: _dellocveh: w5e262d636a7b4d7b99857c611b205e
08.06.2023 17:24:40: _inCombatTime: h18174e3e257d117c2d635907312580465d121d23
08.06.2023 17:24:40: _inCombatArray: j233e0d37134e9e4625615a1d601e9c6e3e
08.06.2023 17:24:40: _fnc_infiKeyHandler: o351d3c7c56498825288a56564d21118d519b
08.06.2023 17:24:40: _vehicle_needs_check: i588d192d46751a4e180602362766164c804d4a
08.06.2023 17:24:40: _MAKE_VAR_DUMP_RANDOM: h413b45620c2e391a812b
08.06.2023 17:24:40: _MAKE_VAR_DUMP_CLIENT: d4d834e2211857a754607
08.06.2023 17:24:40: _DUMPINGPLAYERUIDARRAY: g35032b8a7019526e750d0a76666c8a374d06
08.06.2023 17:24:40: _CURRENTLYDUMPING: h5173233a276171682635
08.06.2023 17:24:40: _antiantihack_rndvar: a6d060a412d9b9382653b467d7635030d5c65
08.06.2023 17:24:40: _name_by_uid: q4b1a172791051b61314d
08.06.2023 17:24:40: _owner_by_uid: b83226a6632121940554b584086215a51
08.06.2023 17:24:40: _customcommandingMenu: y6b27858d5c496041135e909a3d6d8d1c
08.06.2023 17:24:40: _customcommandingMenuOpen: h23762888554d8d004b3941
08.06.2023 17:24:40: _AH_KICKLOG: PVAHR_7w9q8w1c8w
08.06.2023 17:24:40: ----END-LINE----   (24-02-2023 22-51-56 - v0260)
08.06.2023 17:33:35: <infiSTAR.de> _fnc_RandomGen: {
_fnc_actualGen = {
_abc = ['z','y','x','w','v','u','t','s','r','q','p','o','n','m','l','k','j','i','h','g','f','e','d','c','b','a'];
_gen = _abc select (random ((count _abc)-1));
_arr = ['a','7','d','6','e','1','e','6','3','c','5','5','b','1','6','9','d','1','7','0','5','b','2','8','a','d','3','b','d','2','e'];
_randmax = {((round(random _randminval)) + (round(random _randmaxval))) max _randminval};
for '_i' from 0 to (call _randmax)do
{
_gen = _gen + str(round(random 9)) + (_arr select (random ((count _arr)-1)));
};
};
_gen = '';
while{_gen=='' || _gen in _allRandomGenVars}do{
call _fnc_actualGen;
};
_allRandomGenVars pushBack _gen;
_gen
}
08.06.2023 17:33:35: ----START-LINE----   (24-02-2023 22-51-56 - v0260)
08.06.2023 17:33:35: _adminbox: n69689d4b16113d878e9c1a3e5b6903525229
08.06.2023 17:33:35: _fnc_mpPackets: t068957517d73423377922d7183522d811b0b2b30
08.06.2023 17:33:35: _FNC_AH_KICKLOG: h8d5b3b3d173b3e865b651a1e85664d827d0d
08.06.2023 17:33:35: _FNC_AH_KICKLOGSPAWN: v757e0a035d361e9545650c6e
08.06.2023 17:33:35: _FNC_PVAH_AdminReq: j9225754d215b89499b8b1262192d1c7d13859d0782116b7b9d
08.06.2023 17:33:35: _token_by_uid: j9e983d36621b2b1d1a28
08.06.2023 17:33:35: _uid_by_token: q100b858e3d873d2d158c466380913e09
08.06.2023 17:33:35: _server_setTokenR: m4515497d2e6a271747733656151615
08.06.2023 17:33:35: _YourPlayerToken: l41464e1576676c6587733399
08.06.2023 17:33:35: _TokenCT: h39157e1e9d1181131d2c524d0d6a1d117173965131
08.06.2023 17:33:35: _AH_MAIN_BLOCK: e664d4a1e0e912d979671029e689d8e212671275d460d
08.06.2023 17:33:35: _AHKickOFF: f5d264522421e3d61766b967a7026
08.06.2023 17:33:35: _AHKickLog: b4a4651857e7695161d273d751d5e7a496d2d5571416d68
08.06.2023 17:33:35: _clientdo: i87123060660e3525472d21424a0b6007051649171185
08.06.2023 17:33:35: _AH_RunCheckENDVAR: m7b760c6696210743653d
08.06.2023 17:33:35: _AH_RunCheckENDVAR_THREAD: s817b7a62569782981e467a6b35
08.06.2023 17:33:35: _AH_HackLogArrayRND: u310d478a767d662e8078561e3c218c2d
08.06.2023 17:33:35: _AH_SurvLogArrayRND: s4161771720357d7387115c
08.06.2023 17:33:35: _AH_AdmiLogArrayRND: e8646365827185d4a2a22473b7e438a5c17961137
08.06.2023 17:33:35: _TMPBAN: c106b217b4b1245657d76473c454d35
08.06.2023 17:33:35: _massMessage: f019056076d8a7d874d4d3d415055
08.06.2023 17:33:35: _massSysMessage: j204e26871e0522132d76
08.06.2023 17:33:35: _AHpos: k3b701d5069611a3a11184725474d391b267b2217967536
08.06.2023 17:33:35: _ninetwo: a2b50478d3d3b8d171252718b498a2695654b316846
08.06.2023 17:33:35: _ninetwothread: a21782781192616785d529e2d4e2d158a
08.06.2023 17:33:35: _adminsA: f6112134086853a97671d610686412a36136a71417d
08.06.2023 17:33:35: _MC: f268b6b1b5e11732563517279
08.06.2023 17:33:35: _MCS: w6b5e60678d692701373b35561a865112156d7556
08.06.2023 17:33:35: _checkidicheckcheck: z6291862c42773161311762375320306d11
08.06.2023 17:33:35: <infiSTAR.de> _fnc_RandomGen: {
_fnc_actualGen = {
_abc = ['z','y','x','w','v','u','t','s','r','q','p','o','n','m','l','k','j','i','h','g','f','e','d','c','b','a'];
_gen = _abc select (random ((count _abc)-1));
_arr = ['a','7','d','6','e','1','e','6','3','c','5','5','b','1','6','9','d','1','7','0','5','b','2','8','a','d','3','b','d','2','e'];
_randmax = {((round(random _randminval)) + (round(random _randmaxval))) max _randminval};
for '_i' from 0 to (call _randmax)do
{
_gen = _gen + str(round(random 9)) + (_arr select (random ((count _arr)-1)));
};
};
_gen = '';
while{_gen=='' || _gen in _allRandomGenVars}do{
call _fnc_actualGen;
};
_allRandomGenVars pushBack _gen;
_gen
}
08.06.2023 17:33:35: ----START-LINE----   (24-02-2023 22-51-56 - v0260)
08.06.2023 17:33:35: _adminbox: n69689d4b16113d878e9c1a3e5b6903525229
08.06.2023 17:33:35: _fnc_mpPackets: t068957517d73423377922d7183522d811b0b2b30
08.06.2023 17:33:35: _FNC_AH_KICKLOG: h8d5b3b3d173b3e865b651a1e85664d827d0d
08.06.2023 17:33:35: _FNC_AH_KICKLOGSPAWN: v757e0a035d361e9545650c6e
08.06.2023 17:33:35: _FNC_PVAH_AdminReq: j9225754d215b89499b8b1262192d1c7d13859d0782116b7b9d
08.06.2023 17:33:35: _token_by_uid: j9e983d36621b2b1d1a28
08.06.2023 17:33:35: _uid_by_token: q100b858e3d873d2d158c466380913e09
08.06.2023 17:33:35: _server_setTokenR: m4515497d2e6a271747733656151615
08.06.2023 17:33:35: _YourPlayerToken: l41464e1576676c6587733399
08.06.2023 17:33:35: _TokenCT: h39157e1e9d1181131d2c524d0d6a1d117173965131
08.06.2023 17:33:35: _AH_MAIN_BLOCK: e664d4a1e0e912d979671029e689d8e212671275d460d
08.06.2023 17:33:35: _AHKickOFF: f5d264522421e3d61766b967a7026
08.06.2023 17:33:35: _AHKickLog: b4a4651857e7695161d273d751d5e7a496d2d5571416d68
08.06.2023 17:33:35: _clientdo: i87123060660e3525472d21424a0b6007051649171185
08.06.2023 17:33:35: _AH_RunCheckENDVAR: m7b760c6696210743653d
08.06.2023 17:33:35: _AH_RunCheckENDVAR_THREAD: s817b7a62569782981e467a6b35
08.06.2023 17:33:35: _AH_HackLogArrayRND: u310d478a767d662e8078561e3c218c2d
08.06.2023 17:33:35: _AH_SurvLogArrayRND: s4161771720357d7387115c
08.06.2023 17:33:35: _AH_AdmiLogArrayRND: e8646365827185d4a2a22473b7e438a5c17961137
08.06.2023 17:33:35: _TMPBAN: c106b217b4b1245657d76473c454d35
08.06.2023 17:33:35: _massMessage: f019056076d8a7d874d4d3d415055
08.06.2023 17:33:35: _massSysMessage: j204e26871e0522132d76
08.06.2023 17:33:35: _AHpos: k3b701d5069611a3a11184725474d391b267b2217967536
08.06.2023 17:33:35: _ninetwo: a2b50478d3d3b8d171252718b498a2695654b316846
08.06.2023 17:33:35: _ninetwothread: a21782781192616785d529e2d4e2d158a
08.06.2023 17:33:36: _adminsA: f6112134086853a97671d610686412a36136a71417d
08.06.2023 17:33:36: _MC: f268b6b1b5e11732563517279
08.06.2023 17:33:36: _MCS: w6b5e60678d692701373b35561a865112156d7556
08.06.2023 17:33:36: _checkidicheckcheck: z6291862c42773161311762375320306d11
08.06.2023 17:33:36: _lastshotmade: q3d054d83413d8d8b1d45324275375a0d83667640
08.06.2023 17:33:36: _dellocveh: d818e2b8511302562516a
08.06.2023 17:33:36: _inCombatTime: f1332652a4a0d6e9e263d4a39199213
08.06.2023 17:33:36: _inCombatArray: w65655b439523327b111e
08.06.2023 17:33:36: _fnc_infiKeyHandler: y7336331b7e316b1c222d
08.06.2023 17:33:36: _vehicle_needs_check: w064145504e1e618e56803e613d2a26
08.06.2023 17:33:36: _MAKE_VAR_DUMP_RANDOM: n8e3e1b1a621d73458515153d87
08.06.2023 17:33:36: _MAKE_VAR_DUMP_CLIENT: l368c631d611a91851183
08.06.2023 17:33:36: _DUMPINGPLAYERUIDARRAY: p32700338675e7d227e55
08.06.2023 17:33:36: _CURRENTLYDUMPING: a39763596523c269d36366c134e8a7a826125
08.06.2023 17:33:36: _antiantihack_rndvar: b2587013b6d6e276d453b
08.06.2023 17:33:36: _name_by_uid: p170b772d475575933e76236d
08.06.2023 17:33:36: _owner_by_uid: s29637e3e7b1d5e22738d
08.06.2023 17:33:36: _customcommandingMenu: y2c1575521d9d414d41289e832d
08.06.2023 17:33:36: _customcommandingMenuOpen: u2d765d4257251d12832b51100911477b
08.06.2023 17:33:36: _AH_KICKLOG: PVAHR_5o0q1p4g1g6q3s1o
08.06.2023 17:33:36: ----END-LINE----   (24-02-2023 22-51-56 - v0260)
08.06.2023 17:45:09: <infiSTAR.de> _fnc_RandomGen: {
_fnc_actualGen = {
_abc = ['z','y','x','w','v','u','t','s','r','q','p','o','n','m','l','k','j','i','h','g','f','e','d','c','b','a'];
_gen = _abc select (random ((count _abc)-1));
_arr = ['a','7','d','6','e','1','e','6','3','c','5','5','b','1','6','9','d','1','7','0','5','b','2','8','a','d','3','b','d','2','e'];
_randmax = {((round(random _randminval)) + (round(random _randmaxval))) max _randminval};
for '_i' from 0 to (call _randmax)do
{
_gen = _gen + str(round(random 9)) + (_arr select (random ((count _arr)-1)));
};
};
_gen = '';
while{_gen=='' || _gen in _allRandomGenVars}do{
call _fnc_actualGen;
};
_allRandomGenVars pushBack _gen;
_gen
}
08.06.2023 17:45:09: ----START-LINE----   (24-02-2023 22-51-56 - v0260)
08.06.2023 17:45:09: _adminbox: k4d467b8d16274d51350d13328a8c
08.06.2023 17:45:09: _fnc_mpPackets: k6d7b436a4e86673e8c7a816b1c221a6021522e
08.06.2023 17:45:09: _FNC_AH_KICKLOG: d48333e4c550c23817657
08.06.2023 17:45:10: _FNC_AH_KICKLOGSPAWN: a228d479a85278b4a2376328540426266
08.06.2023 17:45:10: _FNC_PVAH_AdminReq: h3237118d91765e8e721b4366977d01751a
08.06.2023 17:45:10: _token_by_uid: c1311062d289532569170
08.06.2023 17:45:10: _uid_by_token: e105c9d821d87261b111d5e064e79
08.06.2023 17:45:10: _server_setTokenR: q7e8d4182428d3e98625d9d2135637506
08.06.2023 17:45:10: _YourPlayerToken: j9e758d474e954d3e6806
08.06.2023 17:45:10: _TokenCT: b2245851e111b458a205a055d42013e6375359b2d55
08.06.2023 17:45:10: _AH_MAIN_BLOCK: w87951e4e0156625d25286d1d4d21572e8d5d
08.06.2023 17:45:10: _AHKickOFF: d2987579e7048326d9e6d35168320
08.06.2023 17:45:10: _AHKickLog: l62259a3361703c723726373a1c
08.06.2023 17:45:10: _clientdo: q0d7c79363086357a8b9c771e9d8b9c3e9167626728
08.06.2023 17:45:10: _AH_RunCheckENDVAR: m1372611d608d4d5781717c283d35
08.06.2023 17:45:10: _AH_RunCheckENDVAR_THREAD: t8b5e15475b7358411c3e8633520b8c3022864e466e4831
08.06.2023 17:45:10: _AH_HackLogArrayRND: s264742463b5b9c0e4140
08.06.2023 17:45:10: _AH_SurvLogArrayRND: m2e026d3d3b751d5b3d197d357d4d9b5a6e
08.06.2023 17:45:10: _AH_AdmiLogArrayRND: w02567e067d1d0592524e
08.06.2023 17:45:10: _TMPBAN: x3b2d0d15527691879e9c
08.06.2023 17:45:10: _massMessage: e451265507e1a5b4d465c7129424173704d2d79815d8d3b061b
08.06.2023 17:45:10: _massSysMessage: m15373a9216716523254b254902003237236e1a7965
08.06.2023 17:45:10: _AHpos: i6d76962c16896d337d417b6c950b
08.06.2023 17:45:10: _ninetwo: x1e5b225a7b1695257e6a59594d423828
08.06.2023 17:45:10: _ninetwothread: h12016e6d032b734726424335435d184d318d5d6d5c15861b7241
08.06.2023 17:45:10: _adminsA: t512b220a48763158422d2b6c113c4b207d8b6b1d
08.06.2023 17:45:10: _MC: e276822573a3e3e0d3b1b5b5a8b7d4a1325319646
08.06.2023 17:45:10: _MCS: o16058d3b31818d41053d40210101622c4158204b22228d8d816e
08.06.2023 17:45:10: _checkidicheckcheck: n5d45968e517d56378601
08.06.2023 17:45:10: _lastshotmade: x621e6d8a75598e238b66604e5d8b508231
08.06.2023 17:45:10: _dellocveh: s576d23677548762c239312
08.06.2023 17:45:10: _inCombatTime: k16633b155e9b4125366b2b
08.06.2023 17:45:10: _inCombatArray: d721e13389b1d419e9b81918a858e85
08.06.2023 17:45:10: _fnc_infiKeyHandler: o356e9e2d362a81222256267a6a1b8235773a1585120e41
08.06.2023 17:45:10: _vehicle_needs_check: b9b835312428368822c3d66966b666e
08.06.2023 17:45:10: <infiSTAR.de> _fnc_RandomGen: {
_fnc_actualGen = {
_abc = ['z','y','x','w','v','u','t','s','r','q','p','o','n','m','l','k','j','i','h','g','f','e','d','c','b','a'];
_gen = _abc select (random ((count _abc)-1));
_arr = ['a','7','d','6','e','1','e','6','3','c','5','5','b','1','6','9','d','1','7','0','5','b','2','8','a','d','3','b','d','2','e'];
_randmax = {((round(random _randminval)) + (round(random _randmaxval))) max _randminval};
for '_i' from 0 to (call _randmax)do
{
_gen = _gen + str(round(random 9)) + (_arr select (random ((count _arr)-1)));
};
};
_gen = '';
while{_gen=='' || _gen in _allRandomGenVars}do{
call _fnc_actualGen;
};
_allRandomGenVars pushBack _gen;
_gen
}
08.06.2023 17:45:10: ----START-LINE----   (24-02-2023 22-51-56 - v0260)
08.06.2023 17:45:10: _adminbox: k4d467b8d16274d51350d13328a8c
08.06.2023 17:45:10: _FNC_AH_KICKLOG: d48333e4c550c23817657
08.06.2023 17:45:10: _uid_by_token: e105c9d821d87261b111d5e064e79
08.06.2023 17:45:11: _server_setTokenR: q7e8d4182428d3e98625d9d2135637506
08.06.2023 17:45:11: _YourPlayerToken: j9e758d474e954d3e6806
08.06.2023 17:45:11: _TokenCT: b2245851e111b458a205a055d42013e6375359b2d55
08.06.2023 17:45:11: _AH_MAIN_BLOCK: w87951e4e0156625d25286d1d4d21572e8d5d
08.06.2023 17:45:11: _AHKickOFF: d2987579e7048326d9e6d35168320
08.06.2023 17:45:11: _AHKickLog: l62259a3361703c723726373a1c
08.06.2023 17:45:11: _clientdo: q0d7c79363086357a8b9c771e9d8b9c3e9167626728
08.06.2023 17:45:11: _AH_RunCheckENDVAR: m1372611d608d4d5781717c283d35
08.06.2023 17:45:11: _AH_RunCheckENDVAR_THREAD: t8b5e15475b7358411c3e8633520b8c3022864e466e4831
08.06.2023 17:45:11: _AH_HackLogArrayRND: s264742463b5b9c0e4140
08.06.2023 17:45:11: _AH_SurvLogArrayRND: m2e026d3d3b751d5b3d197d357d4d9b5a6e
08.06.2023 17:45:11: _AH_AdmiLogArrayRND: w02567e067d1d0592524e
08.06.2023 17:45:11: _TMPBAN: x3b2d0d15527691879e9c
08.06.2023 17:45:11: _massMessage: e451265507e1a5b4d465c7129424173704d2d79815d8d3b061b
08.06.2023 17:45:11: _massSysMessage: m15373a9216716523254b254902003237236e1a7965
08.06.2023 17:45:11: _AHpos: i6d76962c16896d337d417b6c950b
08.06.2023 17:45:11: _ninetwo: x1e5b225a7b1695257e6a59594d423828
08.06.2023 17:45:11: _ninetwothread: h12016e6d032b734726424335435d184d318d5d6d5c15861b7241
08.06.2023 17:45:11: _adminsA: t512b220a48763158422d2b6c113c4b207d8b6b1d
08.06.2023 17:45:11: _MC: e276822573a3e3e0d3b1b5b5a8b7d4a1325319646
08.06.2023 17:45:11: _MCS: o16058d3b31818d41053d40210101622c4158204b22228d8d816e
08.06.2023 17:45:11: _checkidicheckcheck: n5d45968e517d56378601
08.06.2023 17:45:11: _lastshotmade: x621e6d8a75598e238b66604e5d8b508231
08.06.2023 17:45:11: _dellocveh: s576d23677548762c239312
08.06.2023 17:45:11: _inCombatTime: k16633b155e9b4125366b2b
08.06.2023 17:45:11: _inCombatArray: d721e13389b1d419e9b81918a858e85
08.06.2023 17:45:11: _fnc_infiKeyHandler: o356e9e2d362a81222256267a6a1b8235773a1585120e41
08.06.2023 17:45:11: _vehicle_needs_check: b9b835312428368822c3d66966b666e
08.06.2023 17:45:11: _MAKE_VAR_DUMP_RANDOM: e864836685b258a1d6e8a031e3a82937326331a977d
08.06.2023 17:45:11: _MAKE_VAR_DUMP_CLIENT: u637d153b6d1c7e613d313e536276622555698b
08.06.2023 17:45:11: _DUMPINGPLAYERUIDARRAY: w61938d6c717196975e8a7d1d5b737d3d839c251816
08.06.2023 17:45:11: _uid_by_token: e105c9d821d87261b111d5e064e79
08.06.2023 17:45:11: _server_setTokenR: q7e8d4182428d3e98625d9d2135637506
08.06.2023 17:45:11: _YourPlayerToken: j9e758d474e954d3e6806
08.06.2023 17:45:11: _TokenCT: b2245851e111b458a205a055d42013e6375359b2d55
08.06.2023 17:45:11: _AH_MAIN_BLOCK: w87951e4e0156625d25286d1d4d21572e8d5d
08.06.2023 17:45:11: _AHKickOFF: d2987579e7048326d9e6d35168320
08.06.2023 17:45:11: _AHKickLog: l62259a3361703c723726373a1c
08.06.2023 17:45:11: _clientdo: q0d7c79363086357a8b9c771e9d8b9c3e9167626728
08.06.2023 17:45:11: _AH_RunCheckENDVAR: m1372611d608d4d5781717c283d35
08.06.2023 17:45:11: _AH_RunCheckENDVAR_THREAD: t8b5e15475b7358411c3e8633520b8c3022864e466e4831
08.06.2023 17:45:11: _AH_HackLogArrayRND: s264742463b5b9c0e4140
08.06.2023 17:45:11: _AH_SurvLogArrayRND: m2e026d3d3b751d5b3d197d357d4d9b5a6e
08.06.2023 17:45:11: _AH_AdmiLogArrayRND: w02567e067d1d0592524e
08.06.2023 17:45:11: _TMPBAN: x3b2d0d15527691879e9c
08.06.2023 17:45:11: _massMessage: e451265507e1a5b4d465c7129424173704d2d79815d8d3b061b
08.06.2023 17:45:11: _massSysMessage: m15373a9216716523254b254902003237236e1a7965
08.06.2023 17:45:11: _AHpos: i6d76962c16896d337d417b6c950b
08.06.2023 17:45:11: _ninetwo: x1e5b225a7b1695257e6a59594d423828
08.06.2023 17:45:11: _ninetwothread: h12016e6d032b734726424335435d184d318d5d6d5c15861b7241
08.06.2023 17:45:11: _adminsA: t512b220a48763158422d2b6c113c4b207d8b6b1d
08.06.2023 17:45:11: _MC: e276822573a3e3e0d3b1b5b5a8b7d4a1325319646
08.06.2023 17:45:11: _MCS: o16058d3b31818d41053d40210101622c4158204b22228d8d816e
08.06.2023 17:45:11: _checkidicheckcheck: n5d45968e517d56378601
08.06.2023 17:45:11: _lastshotmade: x621e6d8a75598e238b66604e5d8b508231
08.06.2023 17:45:11: _dellocveh: s576d23677548762c239312
08.06.2023 17:45:11: _inCombatTime: k16633b155e9b4125366b2b
08.06.2023 17:45:11: _inCombatArray: d721e13389b1d419e9b81918a858e85
08.06.2023 17:45:11: _fnc_infiKeyHandler: o356e9e2d362a81222256267a6a1b8235773a1585120e41
08.06.2023 17:45:11: _vehicle_needs_check: b9b835312428368822c3d66966b666e
08.06.2023 17:45:11: _MAKE_VAR_DUMP_RANDOM: e864836685b258a1d6e8a031e3a82937326331a977d
08.06.2023 17:45:11: _MAKE_VAR_DUMP_CLIENT: u637d153b6d1c7e613d313e536276622555698b
08.06.2023 17:45:11: _DUMPINGPLAYERUIDARRAY: w61938d6c717196975e8a7d1d5b737d3d839c251816
08.06.2023 17:45:11: _CURRENTLYDUMPING: k9d151160316e3e2d4a08
08.06.2023 17:45:11: _antiantihack_rndvar: w472626631625080c9e698b7b97232d2d462b6b
08.06.2023 17:45:11: _name_by_uid: e476e673d73027b8a2b9d9a29
08.06.2023 17:45:11: _owner_by_uid: h353b6b6d5d7b53068d7d1e651d11060e6e1d25356d1d656b011e31
08.06.2023 17:45:11: _customcommandingMenu: r25729e871012363941667b7221066351
08.06.2023 17:45:11: _customcommandingMenuOpen: k45316d0a36166b561971
08.06.2023 17:45:11: _AH_KICKLOG: PVAHR_4w8o0b0k6d
08.06.2023 17:45:11: ----END-LINE----   (24-02-2023 22-51-56 - v0260)
08.06.2023 18:16:20: <infiSTAR.de> _fnc_RandomGen: {
_fnc_actualGen = {
_abc = ['z','y','x','w','v','u','t','s','r','q','p','o','n','m','l','k','j','i','h','g','f','e','d','c','b','a'];
_gen = _abc select (random ((count _abc)-1));
_arr = ['a','7','d','6','e','1','e','6','3','c','5','5','b','1','6','9','d','1','7','0','5','b','2','8','a','d','3','b','d','2','e'];
_randmax = {((round(random _randminval)) + (round(random _randmaxval))) max _randminval};
for '_i' from 0 to (call _randmax)do
{
_gen = _gen + str(round(random 9)) + (_arr select (random ((count _arr)-1)));
};
};
_gen = '';
while{_gen=='' || _gen in _allRandomGenVars}do{
call _fnc_actualGen;
};
_allRandomGenVars pushBack _gen;
_gen
}
08.06.2023 18:16:20: ----START-LINE----   (24-02-2023 22-51-56 - v0260)
08.06.2023 18:16:20: _adminbox: c1635851e2c88522e1c4d335346823b2c4e8b79
08.06.2023 18:16:20: _fnc_mpPackets: k7e98219e817945779d678291663b277d468b633682
08.06.2023 18:16:20: _FNC_AH_KICKLOG: i6a262c3c713b112a35857161802a2d5c
08.06.2023 18:16:20: _FNC_AH_KICKLOGSPAWN: b89360765556e855a56567b8b6d3b3681368b75532658
08.06.2023 18:16:20: _FNC_PVAH_AdminReq: l816d0385776d61664078
08.06.2023 18:16:20: _token_by_uid: q155d865e6d156846267b0155086b5b
08.06.2023 18:16:20: _uid_by_token: v469e3d4b0d624d7651512e95215159812d86172b868315
08.06.2023 18:16:20: _server_setTokenR: e465e1b418b5e1a7d8c10167d238e6e03
08.06.2023 18:16:20: _YourPlayerToken: y11670b462d772e662558959d4b266d
08.06.2023 18:16:20: _TokenCT: c8a13456175535a5d535a4e8a60875348577b
08.06.2023 18:16:20: _AH_MAIN_BLOCK: u4e6a4d36568316953e2d3d42
08.06.2023 18:16:20: _AHKickOFF: l3610407b1e9640634e1036433777417d8595
08.06.2023 18:16:20: _AHKickLog: s334083473d5e8a560693819d2a76
08.06.2023 18:16:20: _clientdo: l1b5c4d82373c36811e6a860045653d6b0160
08.06.2023 18:16:20: _AH_RunCheckENDVAR: f5d5d452b71591c0b2d7753
08.06.2023 18:16:20: _AH_RunCheckENDVAR_THREAD: y47718e6d3d2283691b4d4b6e350685659a811d2b975d6743
08.06.2023 18:16:20: _AH_HackLogArrayRND: k770d1a7d3b421357278e9d
08.06.2023 18:16:20: _AH_SurvLogArrayRND: d1122418c7d4d06718c7272566d612327924511
08.06.2023 18:16:20: _AH_AdmiLogArrayRND: x5b5a29655b4a1d4585273052472d
08.06.2023 18:16:20: _TMPBAN: x6b051586791e0d379111706685510e509b41458683
08.06.2023 18:16:20: _massMessage: z3e2d8d89066a415b030e31314b8d1e118741607535
08.06.2023 18:16:20: _massSysMessage: b1a9381568d763d4e1b4526
08.06.2023 18:16:21: _AHpos: c4d4d6b469901323502173d6635154d70725a1e6d
08.06.2023 18:16:21: _ninetwo: t46756b77724a8e30328762576719338d7b394a
08.06.2023 18:16:21: _ninetwothread: n45358283274e478e3d9d9d1e156b3e414862415b
08.06.2023 18:16:21: _adminsA: c2e326e82358d230c5d353e1816733136637922
08.06.2023 18:16:21: _MC: p96866347260e08136805
08.06.2023 18:16:21: _MCS: o2d2821538d657b201510
08.06.2023 18:16:21: _checkidicheckcheck: v9d11692351851609576b
08.06.2023 18:16:21: _lastshotmade: x2615304e3d869c868a51
08.06.2023 18:16:21: _dellocveh: l1d16002d86901c2b07674305462e
08.06.2023 18:16:21: <infiSTAR.de> _fnc_RandomGen: {
_fnc_actualGen = {
_abc = ['z','y','x','w','v','u','t','s','r','q','p','o','n','m','l','k','j','i','h','g','f','e','d','c','b','a'];
_gen = _abc select (random ((count _abc)-1));
_arr = ['a','7','d','6','e','1','e','6','3','c','5','5','b','1','6','9','d','1','7','0','5','b','2','8','a','d','3','b','d','2','e'];
_randmax = {((round(random _randminval)) + (round(random _randmaxval))) max _randminval};
for '_i' from 0 to (call _randmax)do
{
_gen = _gen + str(round(random 9)) + (_arr select (random ((count _arr)-1)));
};
};
_gen = '';
while{_gen=='' || _gen in _allRandomGenVars}do{
call _fnc_actualGen;
};
_allRandomGenVars pushBack _gen;
_gen
}
08.06.2023 18:16:21: ----START-LINE----   (24-02-2023 22-51-56 - v0260)
08.06.2023 18:16:21: _adminbox: c1635851e2c88522e1c4d335346823b2c4e8b79
08.06.2023 18:16:21: _fnc_mpPackets: k7e98219e817945779d678291663b277d468b633682
08.06.2023 18:16:21: _FNC_AH_KICKLOG: i6a262c3c713b112a35857161802a2d5c
08.06.2023 18:16:21: _FNC_AH_KICKLOGSPAWN: b89360765556e855a56567b8b6d3b3681368b75532658
08.06.2023 18:16:21: _FNC_PVAH_AdminReq: l816d0385776d61664078
08.06.2023 18:16:21: _token_by_uid: q155d865e6d156846267b0155086b5b
08.06.2023 18:16:21: _uid_by_token: v469e3d4b0d624d7651512e95215159812d86172b868315
08.06.2023 18:16:21: _server_setTokenR: e465e1b418b5e1a7d8c10167d238e6e03
08.06.2023 18:16:21: _YourPlayerToken: y11670b462d772e662558959d4b266d
08.06.2023 18:16:21: _TokenCT: c8a13456175535a5d535a4e8a60875348577b
08.06.2023 18:16:21: _AH_MAIN_BLOCK: u4e6a4d36568316953e2d3d42
08.06.2023 18:16:21: _AHKickOFF: l3610407b1e9640634e1036433777417d8595
08.06.2023 18:16:21: _AHKickLog: s334083473d5e8a560693819d2a76
08.06.2023 18:16:21: _clientdo: l1b5c4d82373c36811e6a860045653d6b0160
08.06.2023 18:16:21: _AH_RunCheckENDVAR: f5d5d452b71591c0b2d7753
08.06.2023 18:16:21: _AH_RunCheckENDVAR_THREAD: y47718e6d3d2283691b4d4b6e350685659a811d2b975d6743
08.06.2023 18:16:21: _AH_HackLogArrayRND: k770d1a7d3b421357278e9d
08.06.2023 18:16:21: _AH_SurvLogArrayRND: d1122418c7d4d06718c7272566d612327924511
08.06.2023 18:16:21: _AH_AdmiLogArrayRND: x5b5a29655b4a1d4585273052472d
08.06.2023 18:16:21: _TMPBAN: x6b051586791e0d379111706685510e509b41458683
08.06.2023 18:16:21: _massMessage: z3e2d8d89066a415b030e31314b8d1e118741607535
08.06.2023 18:16:21: _massSysMessage: b1a9381568d763d4e1b4526
08.06.2023 18:16:21: _AHpos: c4d4d6b469901323502173d6635154d70725a1e6d
08.06.2023 18:16:21: _ninetwo: t46756b77724a8e30328762576719338d7b394a
08.06.2023 18:16:21: _ninetwothread: n45358283274e478e3d9d9d1e156b3e414862415b
08.06.2023 18:16:21: _adminsA: c2e326e82358d230c5d353e1816733136637922
08.06.2023 18:16:21: _MC: p96866347260e08136805
08.06.2023 18:16:21: _MCS: o2d2821538d657b201510
08.06.2023 18:16:21: _checkidicheckcheck: v9d11692351851609576b
08.06.2023 18:16:21: _lastshotmade: x2615304e3d869c868a51
08.06.2023 18:16:21: _dellocveh: l1d16002d86901c2b07674305462e
08.06.2023 18:16:21: _inCombatTime: e9a75875b7d0c239d8b8d55164a365b52663582
08.06.2023 18:16:21: _inCombatArray: g1e253d7b69976a8d1e52
08.06.2023 18:16:21: _fnc_infiKeyHandler: n2e2e273c2c0591659633
08.06.2023 18:16:21: _vehicle_needs_check: s6206782a85476e8973837b1d168d4e191802
08.06.2023 18:16:21: _MAKE_VAR_DUMP_RANDOM: t7510461c216b71626557
08.06.2023 18:16:21: _MAKE_VAR_DUMP_CLIENT: y2c6d4041366105885b26
08.06.2023 18:16:21: _DUMPINGPLAYERUIDARRAY: z3e93258e412e857b767e1d36802d3d2560972b5b1c
08.06.2023 18:16:21: _CURRENTLYDUMPING: w751168804e2a210d3d0b25135053294755113d282153
08.06.2023 18:16:21: _antiantihack_rndvar: o3a394e0e982a23618a3b7c6d5243215691
08.06.2023 18:16:21: _name_by_uid: z96918d6d511d9d50554b88
08.06.2023 18:16:21: _owner_by_uid: l16513512815e354b564d8d579a3b
08.06.2023 18:16:21: _customcommandingMenu: y11777b6a7b030e566d05457d85087515665602569b2d8b350b
08.06.2023 18:16:21: _customcommandingMenuOpen: k7726777e756a7b85764b
08.06.2023 18:16:21: _AH_KICKLOG: PVAHR_3b5l0v4l7t5j2c4y
08.06.2023 18:16:21: ----END-LINE----   (24-02-2023 22-51-56 - v0260)
